<?xml version="1.0" encoding="UTF-8"?>
<!-- Generated by org.testng.reporters.JUnitXMLReporter -->
<testsuite ignored="0" hostname="SK" failures="1" tests="2" name="ErrorCheckTest" time="7.284" errors="0" timestamp="2025-08-21T10:59:43 IST">
  <testcase classname="SKAutomation.Tests.ErrorValidation" name="LoginTestCases" time="0.39">
    <failure type="java.lang.AssertionError" message="expected [Incorrect email or password.] but found [Incorrect email password.]">
      <![CDATA[java.lang.AssertionError: expected [Incorrect email or password.] but found [Incorrect email password.]
at SKAutomation.Tests.ErrorValidation.LoginTestCases(ErrorValidation.java:25)
at java.base/java.util.ArrayList.forEach(ArrayList.java:1511)
... Removed 33 stack frames]]>
    </failure>
  </testcase> <!-- LoginTestCases -->
  <testcase classname="SKAutomation.Tests.ErrorValidation" name="ProductTestCases" time="2.805"/>
</testsuite> <!-- ErrorCheckTest -->
